[01m[K/home/az/arena_ws/src/planners/dynamic_gap/src/Planner.cpp:[m[K In member function â€˜[01m[Kvoid dynamic_gap::Planner::identifyDynamicEndPoints(const int&, std::vector<dynamic_gap::Gap*>&, const std::vector<geometry_msgs::TwistStamped_<std::allocator<void> > >&, const std::vector<geometry_msgs::TwistStamped_<std::allocator<void> > >&, const ros::Time&)[m[Kâ€™:
[01m[K/home/az/arena_ws/src/planners/dynamic_gap/src/Planner.cpp:440:9:[m[K [01;31m[Kerror: [m[Kexpected primary-expression before â€˜[01m[K}[m[Kâ€™ token
  440 |         [01;31m[K}[m[K catch (...)
      |         [01;31m[K^[m[K
make[2]: *** [CMakeFiles/dynamic_gap.dir/build.make:271: CMakeFiles/dynamic_gap.dir/src/Planner.cpp.o] Error 1
make[1]: *** [CMakeFiles/Makefile2:1628: CMakeFiles/dynamic_gap.dir/all] Error 2
make: *** [Makefile:141: all] Error 2
